<?xml version="1.0" encoding="UTF-8"?>
<!-- Generated by org.testng.reporters.JUnitReportReporter -->
<testsuite skipped="0" hostname="xyz-HP" name="test_scripts.Login" tests="1" failures="0" timestamp="29 Dec 2019 05:53:41 GMT" time="8.980" errors="0">
  <testcase name="login_Actitime" time="8.980" classname="test_scripts.Login"/>
</testsuite> <!-- test_scripts.Login -->
